<?xml version="1.0" encoding="UTF-8"?>
<!-- Generated by org.testng.reporters.JUnitReportReporter -->
<testsuite hostname="DS-386077741F2D" name="com.qspiders.AddVal" tests="2" failures="0" timestamp="21 Jul 2015 07:04:09 GMT" time="0.000" errors="0">
  <testcase name="secondTest" time="0.000" classname="com.qspiders.AddVal"/>
  <testcase name="firstTest" time="0.000" classname="com.qspiders.AddVal"/>
</testsuite> <!-- com.qspiders.AddVal -->
