<?xml version="1.0" encoding="UTF-8"?>
<!-- Generated by org.testng.reporters.JUnitReportReporter -->
<testsuite hostname="DS-386077741F2D" name="com.qspiders.NewTest" tests="3" failures="0" timestamp="21 Jul 2015 07:04:10 GMT" time="0.014" errors="0">
  <testcase name="secondTest" time="0.012" classname="com.qspiders.NewTest"/>
  <testcase name="firstTest" time="0.001" classname="com.qspiders.NewTest"/>
  <testcase name="thirdTest" time="0.001" classname="com.qspiders.NewTest"/>
</testsuite> <!-- com.qspiders.NewTest -->
