<?xml version="1.0" encoding="UTF-8"?>
<!-- Generated by org.testng.reporters.JUnitReportReporter -->
<testsuite hostname="DS-386077741F2D" name="com.qspiders.Billing" tests="3" failures="0" timestamp="21 Jul 2015 07:04:10 GMT" time="0.004" errors="0">
  <testcase name="deleteBilling" time="0.000" classname="com.qspiders.Billing"/>
  <testcase name="editBilling" time="0.001" classname="com.qspiders.Billing"/>
  <testcase name="createBilling" time="0.003" classname="com.qspiders.Billing"/>
</testsuite> <!-- com.qspiders.Billing -->
