<?xml version="1.0" encoding="UTF-8"?>
<!-- Generated by org.testng.reporters.JUnitReportReporter -->
<testsuite hostname="DS-386077741F2D" name="com.qspiders.Users" tests="3" failures="0" timestamp="21 Jul 2015 07:04:13 GMT" time="0.011" errors="0">
  <testcase name="deleteUser" time="0.002" classname="com.qspiders.Users"/>
  <testcase name="createUser" time="0.007" classname="com.qspiders.Users"/>
  <testcase name="editUser" time="0.002" classname="com.qspiders.Users"/>
</testsuite> <!-- com.qspiders.Users -->
