<?xml version="1.0" encoding="UTF-8"?>
<!-- Generated by org.testng.reporters.JUnitReportReporter -->
<testsuite hostname="DS-386077741F2D" name="OptionalParamExample" tests="2" failures="0" timestamp="17 Jul 2015 10:38:12 GMT" time="0.018" errors="0">
  <testcase name="testOptionParamTwo" time="0.001" classname="OptionalParamExample"/>
  <testcase name="testOptionParamOne" time="0.017" classname="OptionalParamExample"/>
</testsuite> <!-- OptionalParamExample -->
