<?xml version="1.0" encoding="UTF-8"?>
<!-- Generated by org.testng.reporters.JUnitReportReporter -->
<testsuite hostname="DS-386077741F2D" name="parallel.TestOrderOrder" tests="4" failures="0" timestamp="20 Jul 2015 12:20:15 GMT" time="0.007" errors="0">
  <testcase name="testMakeEmptyOrder" time="0.001" classname="parallel.TestOrderOrder"/>
  <testcase name="testFindOrder" time="0.005" classname="parallel.TestOrderOrder"/>
  <testcase name="testUpdateOrder" time="0.000" classname="parallel.TestOrderOrder"/>
  <testcase name="testMakeOrder" time="0.001" classname="parallel.TestOrderOrder"/>
</testsuite> <!-- parallel.TestOrderOrder -->
