<?xml version="1.0" encoding="UTF-8"?>
<!-- Generated by org.testng.reporters.JUnitReportReporter -->
<testsuite hostname="DS-386077741F2D" name="parallel.TestDataBaseOrder" tests="4" failures="0" timestamp="20 Jul 2015 12:20:15 GMT" time="0.003" errors="0">
  <testcase name="testConnectMsSQL" time="0.000" classname="parallel.TestDataBaseOrder"/>
  <testcase name="testConnectMySQL" time="0.001" classname="parallel.TestDataBaseOrder"/>
  <testcase name="testConnectOracle" time="0.001" classname="parallel.TestDataBaseOrder"/>
  <testcase name="testConnectMongoDB" time="0.001" classname="parallel.TestDataBaseOrder"/>
</testsuite> <!-- parallel.TestDataBaseOrder -->
